logging output to logs/2021-08-07_07-10-41.log

=======================================================================
Switch 2.0.6, http://switch-model.org
=======================================================================
Arguments:
log_run_to_file=True, logs_dir='logs', debug=True, inputs_dir='inputs', recommended_fast=True, solver='gurobi', suffixes=['rc', 'dual', 'slack'], solver_manager='serial', solver_options_string='BarHomogeneous=1 FeasibilityTol=1e-5', solver_method='barrier', tee=True, outputs_dir='outputs', verbose=True, sig_figs_output=5, zero_cutoff_output=1e-05, sorted_output=True, graph=True, no_crossover=True, threads=16
Modules:
switch_model, switch_model.timescales, switch_model.financials, switch_model.balancing.load_zones, switch_model.energy_sources.properties, switch_model.generators.core.build, switch_model.generators.core.dispatch, switch_model.reporting, switch_model.generators.core.no_commit, switch_model.generators.extensions.hydro_simple, switch_model.generators.extensions.storage, switch_model.energy_sources.fuel_costs.markets, switch_model.transmission.transport.build, switch_model.transmission.transport.dispatch, switch_model.policies.carbon_policies, switch_model.policies.min_per_tech, switch_model.policies.wind_to_solar_ratio, switch_model.solve
=======================================================================

Model created in 0.04 s.
Reading data...
Data read in 2 min 23.56 s.

Creating instance...
Instance created from data in 12 min 56.89 s.

Total time spent constructing model: 15 min 20.46 s.

Solving model...
Academic license - for non-commercial use only - expires 2022-07-01
Using license file /home/machstg/gurobi.lic
Read LP format model from file /tmp/tmp9ntolqf5.pyomo.lp
Reading time = 46.72 seconds
x14310950: 17351183 rows, 14308315 columns, 49847514 nonzeros
Changed value of parameter QCPDual to 1
   Prev: 0  Min: 0  Max: 1  Default: 0
Changed value of parameter BarHomogeneous to 1
   Prev: -1  Min: -1  Max: 1  Default: -1
Changed value of parameter FeasibilityTol to 1e-05
   Prev: 1e-06  Min: 1e-09  Max: 0.01  Default: 1e-06
Changed value of parameter crossover to 0
   Prev: -1  Min: -1  Max: 5  Default: -1
Changed value of parameter threads to 16
   Prev: 0  Min: 0  Max: 1024  Default: 0
Changed value of parameter method to 2
   Prev: -1  Min: -1  Max: 5  Default: -1
Gurobi Optimizer version 9.1.1 build v9.1.1rc0 (linux64)
Thread count: 32 physical cores, 64 logical processors, using up to 16 threads
Optimize a model with 17351183 rows, 14308315 columns and 49847514 nonzeros
Model fingerprint: 0x8888523c
Coefficient statistics:
  Matrix range     [9e-04, 1e+04]
  Objective range  [4e-03, 4e+07]
  Bounds range     [3e-02, 4e+05]
  RHS range        [6e-04, 4e+04]
Presolve removed 12957396 rows and 9195371 columns (presolve time = 7s) ...
Presolve removed 13164704 rows and 9402679 columns (presolve time = 12s) ...
Presolve removed 13806972 rows and 10044947 columns (presolve time = 20s) ...
Presolve removed 13806972 rows and 10044947 columns (presolve time = 20s) ...
Presolve removed 14457506 rows and 10044947 columns (presolve time = 25s) ...
Presolve removed 14457506 rows and 10044947 columns
Presolve time: 25.57s
Presolved: 2893677 rows, 4263368 columns, 12773601 nonzeros
Elapsed ordering time = 27s
Ordering time: 33.49s

Barrier statistics:
 Dense cols : 1803
 AA' NZ     : 9.069e+06
 Factor NZ  : 1.552e+08 (roughly 4.0 GBytes of memory)
 Factor Ops : 3.531e+11 (roughly 1 second per iteration)
 Threads    : 16

                  Objective                Residual
Iter       Primal          Dual         Primal    Dual     Compl     Time
   0   4.35926407e+13 -4.85781250e+15  1.16e+09 3.49e+03  3.64e+13    66s
   1   3.75797127e+13 -3.55158664e+16  9.97e+08 9.32e+06  2.22e+13    68s
   2   2.65246559e+13 -2.38882948e+17  7.05e+08 1.67e+06  1.51e+13    70s
   3   1.92212319e+13 -3.10003806e+17  5.18e+08 4.70e+05  1.11e+13    73s
   4   6.33106456e+12 -1.97411393e+16  1.24e+08 3.61e+04  3.15e+11    76s
   5   1.24975829e+11 -6.61829771e+15  3.28e+07 1.35e+04  3.78e+10    78s
   6   1.45816912e+10 -1.56832353e+15  4.38e+06 3.12e+03  2.33e+09    81s
   7   3.31497119e+09 -3.23434533e+14  1.03e+06 6.39e+02  2.87e+08    84s
   8   1.63908167e+09 -1.10613913e+14  2.93e+05 2.16e+02  5.93e+07    87s
   9   1.09446161e+09 -4.31214529e+13  6.84e+04 8.30e+01  1.38e+07    90s
  10   9.44832830e+08 -1.55337038e+13  6.65e+03 2.97e+01  2.86e+06    92s
  11   8.85292003e+08 -1.24078382e+12  9.33e+02 2.41e+00  2.26e+05    96s
  12   8.09005617e+08 -2.90204232e+11  1.01e+02 5.66e-01  4.46e+04    98s
  13   8.00649473e+08 -8.04341614e+10  1.00e+01 1.58e-01  1.20e+04   101s
  14   6.81300944e+08 -1.12988508e+10  2.79e-02 2.33e-02  1.73e+03   103s
  15   4.17202152e+08 -2.84442491e+09  3.51e-03 6.58e-03  4.60e+02   107s
  16   3.32715268e+08 -2.35951606e+09  2.05e-03 5.47e-03  3.77e+02   109s
  17   3.29168152e+08 -2.17694372e+09  2.01e-03 5.07e-03  3.51e+02   112s
  18   3.27820521e+08 -2.13733756e+09  2.00e-03 4.99e-03  3.45e+02   114s
  19   3.26923737e+08 -2.03745276e+09  1.99e-03 4.77e-03  3.31e+02   117s
  20   3.20108492e+08 -1.89416214e+09  1.91e-03 4.46e-03  3.10e+02   120s
  21   3.14775041e+08 -1.76601528e+09  1.84e-03 4.18e-03  2.91e+02   123s
  22   3.04523550e+08 -1.44441065e+09  1.71e-03 3.46e-03  2.44e+02   126s
  23   2.54967024e+08 -9.99669836e+08  1.13e-03 2.46e-03  1.74e+02   130s
  24   2.43147760e+08 -8.33099376e+08  1.01e-03 2.10e-03  1.49e+02   134s
  25   2.07187817e+08 -4.74871052e+08  6.64e-04 1.31e-03  9.40e+01   138s
  26   1.82157926e+08 -3.36205914e+08  4.46e-04 1.00e-03  7.12e+01   142s
  27   1.75678211e+08 -1.50797286e+08  3.96e-04 5.92e-04  4.44e+01   145s
  28   1.59596129e+08 -8.91884121e+07  2.72e-04 4.57e-04  3.38e+01   149s
  29   1.53569285e+08 -5.31602186e+07  2.30e-04 3.74e-04  2.79e+01   153s
  30   1.45108260e+08 -2.60422274e+07  1.73e-04 3.12e-04  2.31e+01   157s
  31   1.42163724e+08 -7.95412467e+06  1.53e-04 2.70e-04  2.02e+01   160s
  32   1.35203767e+08  1.67101918e+07  1.07e-04 2.13e-04  1.59e+01   165s
  33   1.32634273e+08  3.01021597e+07  9.00e-05 1.82e-04  1.37e+01   170s
  34   1.29805088e+08  4.09013468e+07  7.17e-05 1.57e-04  1.19e+01   177s
  35   1.26581084e+08  5.54872000e+07  5.25e-05 1.23e-04  9.47e+00   184s
  36   1.23845293e+08  6.23478332e+07  4.48e-05 1.07e-04  8.19e+00   191s
  37   1.22043387e+08  7.18818348e+07  4.00e-05 8.46e-05  6.65e+00   198s
  38   1.20541206e+08  7.69131008e+07  3.61e-05 7.26e-05  5.77e+00   205s
  39   1.20202135e+08  7.84689120e+07  3.52e-05 6.89e-05  5.51e+00   211s
  40   1.19136727e+08  8.20806493e+07  3.23e-05 6.02e-05  4.88e+00   216s
  41   1.18595958e+08  8.38279092e+07  3.08e-05 5.60e-05  4.58e+00   220s
  42   1.17634954e+08  8.57488305e+07  2.83e-05 5.13e-05  4.19e+00   224s
  43   1.16045744e+08  8.92217909e+07  2.41e-05 4.29e-05  3.52e+00   229s
  44   1.14644891e+08  9.05670448e+07  2.04e-05 3.96e-05  3.17e+00   236s
  45   1.14336673e+08  9.12030066e+07  1.96e-05 3.80e-05  3.04e+00   241s
  46   1.14029280e+08  9.14403722e+07  1.88e-05 3.74e-05  2.98e+00   246s
  47   1.13457453e+08  9.27377473e+07  1.73e-05 3.42e-05  2.73e+00   251s
  48   1.12737311e+08  9.47364618e+07  1.55e-05 2.93e-05  2.36e+00   257s
  49   1.12149116e+08  9.55034101e+07  1.40e-05 2.74e-05  2.19e+00   263s
  50   1.11901520e+08  9.66641260e+07  1.34e-05 2.45e-05  2.00e+00   270s
  51   1.11760710e+08  9.69768758e+07  1.31e-05 2.37e-05  1.94e+00   276s
  52   1.11003610e+08  9.79600865e+07  1.13e-05 2.11e-05  1.71e+00   282s
  53   1.10537965e+08  9.85114240e+07  1.03e-05 1.97e-05  1.58e+00   288s
  54   1.10203905e+08  9.90222282e+07  9.57e-06 1.83e-05  1.47e+00   295s
  55   1.10013641e+08  9.92747424e+07  9.15e-06 1.76e-05  1.41e+00   300s
  56   1.09761773e+08  9.99996251e+07  8.62e-06 1.56e-05  1.28e+00   307s
  57   1.09036858e+08  1.00302576e+08  7.08e-06 1.48e-05  1.15e+00   314s
  58   1.08814452e+08  1.01160733e+08  6.64e-06 1.23e-05  1.00e+00   320s
  59   1.08620231e+08  1.01537204e+08  6.26e-06 1.12e-05  9.25e-01   327s
  60   1.08360976e+08  1.01794465e+08  5.76e-06 1.05e-05  8.58e-01   333s
  61   1.08176816e+08  1.02172424e+08  5.41e-06 9.34e-06  7.82e-01   340s
  62   1.07973069e+08  1.02263573e+08  5.02e-06 9.06e-06  7.45e-01   347s
  63   1.07755069e+08  1.02550750e+08  4.61e-06 8.20e-06  6.79e-01   353s
  64   1.07493988e+08  1.02658239e+08  4.12e-06 7.87e-06  6.33e-01   360s
  65   1.07322565e+08  1.02923587e+08  3.80e-06 7.06e-06  5.75e-01   367s
  66   1.07098788e+08  1.03062161e+08  3.39e-06 6.64e-06  5.28e-01   375s
  67   1.06979091e+08  1.03187296e+08  3.17e-06 6.26e-06  4.97e-01   382s
  68   1.06924802e+08  1.03308795e+08  3.08e-06 5.88e-06  4.73e-01   390s
  69   1.06768426e+08  1.03412359e+08  2.80e-06 5.56e-06  4.40e-01   396s
  70   1.06700341e+08  1.03515492e+08  2.68e-06 5.23e-06  4.17e-01   404s
  71   1.06527850e+08  1.03641902e+08  2.38e-06 4.82e-06  3.78e-01   412s
  72   1.06424024e+08  1.03732378e+08  2.20e-06 4.53e-06  3.53e-01   419s
  73   1.06341438e+08  1.03844265e+08  2.06e-06 4.17e-06  3.27e-01   427s
  74   1.06223196e+08  1.03917286e+08  1.85e-06 3.93e-06  3.03e-01   437s
  75   1.06174740e+08  1.04022376e+08  1.77e-06 3.59e-06  2.82e-01   445s
  76   1.06108715e+08  1.04092146e+08  1.66e-06 3.36e-06  2.64e-01   452s
  77   1.06037908e+08  1.04142626e+08  1.55e-06 3.18e-06  2.48e-01   461s
  78   1.05975293e+08  1.04225126e+08  1.45e-06 2.90e-06  2.29e-01   469s
  79   1.05926101e+08  1.04311941e+08  1.37e-06 2.61e-06  2.11e-01   477s
  80   1.05882704e+08  1.04354689e+08  1.29e-06 2.46e-06  1.99e-01   483s
  81   1.05756098e+08  1.04394726e+08  1.09e-06 2.33e-06  1.79e-01   491s
  82   1.05722305e+08  1.04418512e+08  1.03e-06 2.25e-06  1.71e-01   496s
  83   1.05676776e+08  1.04491651e+08  9.61e-07 2.00e-06  1.55e-01   504s
  84   1.05643793e+08  1.04529266e+08  9.08e-07 1.87e-06  1.46e-01   511s
  85   1.05614575e+08  1.04573471e+08  8.62e-07 1.72e-06  1.36e-01   520s
  86   1.05556098e+08  1.04612641e+08  7.69e-07 1.58e-06  1.24e-01   528s
  87   1.05513199e+08  1.04634033e+08  7.02e-07 1.51e-06  1.15e-01   535s
  88   1.05475945e+08  1.04672704e+08  6.43e-07 1.37e-06  1.05e-01   543s
  89   1.05456737e+08  1.04690525e+08  6.13e-07 1.31e-06  1.01e-01   551s
  90   1.05416409e+08  1.04729926e+08  5.50e-07 1.17e-06  9.01e-02   559s
  91   1.05409687e+08  1.04737579e+08  5.39e-07 1.15e-06  8.82e-02   565s
  92   1.05393959e+08  1.04760921e+08  5.15e-07 1.07e-06  8.29e-02   573s
  93   1.05371664e+08  1.04782851e+08  4.80e-07 9.89e-07  7.71e-02   581s
  94   1.05346556e+08  1.04804425e+08  4.42e-07 9.12e-07  7.10e-02   589s
  95   1.05340524e+08  1.04816535e+08  4.32e-07 8.69e-07  6.85e-02   598s
  96   1.05316828e+08  1.04847631e+08  3.96e-07 7.56e-07  6.12e-02   607s
  97   1.05303390e+08  1.04860317e+08  3.75e-07 7.11e-07  5.77e-02   615s
  98   1.05285710e+08  1.04876266e+08  3.48e-07 6.54e-07  5.33e-02   623s
  99   1.05265030e+08  1.04891169e+08  3.17e-07 6.01e-07  4.87e-02   632s
 100   1.05247262e+08  1.04904570e+08  2.90e-07 5.53e-07  4.47e-02   640s
 101   1.05232445e+08  1.04912544e+08  2.67e-07 5.24e-07  4.18e-02   650s
 102   1.05223508e+08  1.04921418e+08  2.53e-07 4.92e-07  3.94e-02   658s
 103   1.05217343e+08  1.04928174e+08  2.44e-07 4.68e-07  3.77e-02   666s
 104   1.05204389e+08  1.04935820e+08  2.24e-07 4.41e-07  3.51e-02   674s
 105   1.05193828e+08  1.04945304e+08  2.08e-07 4.09e-07  3.24e-02   682s
 106   1.05181125e+08  1.04959480e+08  1.89e-07 3.60e-07  2.89e-02   690s
 107   1.05164446e+08  1.04969197e+08  1.63e-07 3.26e-07  2.55e-02   699s
 108   1.05158541e+08  1.04975694e+08  1.54e-07 3.03e-07  2.38e-02   708s
 109   1.05155872e+08  1.04978585e+08  1.50e-07 2.93e-07  2.31e-02   715s
 110   1.05146197e+08  1.04982788e+08  1.36e-07 2.77e-07  2.13e-02   724s
 111   1.05143374e+08  1.04986086e+08  1.31e-07 2.65e-07  2.05e-02   730s
 112   1.05138904e+08  1.04991279e+08  1.25e-07 2.46e-07  1.92e-02   739s
 113   1.05133653e+08  1.04999126e+08  1.17e-07 2.17e-07  1.75e-02   748s
 114   1.05126464e+08  1.05002955e+08  1.06e-07 2.03e-07  1.61e-02   758s
 115   1.05118924e+08  1.05006137e+08  9.45e-08 1.90e-07  1.47e-02   767s
 116   1.05116538e+08  1.05007905e+08  9.09e-08 1.84e-07  1.42e-02   774s
 117   1.05111201e+08  1.05012103e+08  8.29e-08 1.68e-07  1.29e-02   783s
 118   1.05108467e+08  1.05014869e+08  7.88e-08 1.57e-07  1.22e-02   792s
 119   1.05104372e+08  1.05018196e+08  7.26e-08 1.45e-07  1.12e-02   802s
 120   1.05100608e+08  1.05020083e+08  6.69e-08 1.38e-07  1.05e-02   812s
 121   1.05098114e+08  1.05022106e+08  6.32e-08 1.30e-07  9.92e-03   821s
 122   1.05095900e+08  1.05025679e+08  5.99e-08 1.16e-07  9.14e-03   833s
 123   1.05091680e+08  1.05028854e+08  5.36e-08 1.04e-07  8.18e-03   843s
 124   1.05086975e+08  1.05032619e+08  4.66e-08 8.95e-08  7.07e-03   854s
 125   1.05082414e+08  1.05034627e+08  3.97e-08 8.17e-08  6.24e-03   865s
 126   1.05079340e+08  1.05037367e+08  3.51e-08 7.12e-08  5.48e-03   877s
 127   1.05077584e+08  1.05039658e+08  3.25e-08 6.24e-08  4.93e-03   887s
 128   1.05076997e+08  1.05040619e+08  3.16e-08 5.87e-08  4.72e-03   898s
 129   1.05074570e+08  1.05041957e+08  2.80e-08 5.35e-08  4.24e-03   910s
 130   1.05073264e+08  1.05043616e+08  2.61e-08 4.70e-08  3.84e-03   923s
 131   1.05070926e+08  1.05045335e+08  2.26e-08 4.04e-08  3.31e-03   935s
 132   1.05069681e+08  1.05046775e+08  2.08e-08 3.54e-08  2.96e-03   947s
 133   1.05067931e+08  1.05047858e+08  1.82e-08 3.17e-08  2.59e-03   962s
 134   1.05066451e+08  1.05048732e+08  1.60e-08 2.89e-08  2.29e-03   976s
 135   1.05065333e+08  1.05049928e+08  1.43e-08 2.50e-08  1.98e-03   989s
 136   1.05064543e+08  1.05050391e+08  1.31e-08 2.33e-08  1.82e-03  1005s
 137   1.05063675e+08  1.05051412e+08  1.19e-08 1.95e-08  1.57e-03  1019s
 138   1.05062632e+08  1.05052074e+08  1.03e-08 1.70e-08  1.35e-03  1034s
 139   1.05062196e+08  1.05052575e+08  9.66e-09 1.50e-08  1.22e-03  1049s
 140   1.05061132e+08  1.05053075e+08  8.08e-09 1.30e-08  1.02e-03  1063s
 141   1.05060206e+08  1.05053421e+08  6.70e-09 1.16e-08  8.64e-04  1078s
 142   1.05059451e+08  1.05053918e+08  5.58e-09 9.38e-09  7.03e-04  1092s
 143   1.05058695e+08  1.05054274e+08  4.45e-09 8.76e-09  5.61e-04  1106s
 144   1.05058194e+08  1.05054503e+08  3.71e-09 1.59e-08  4.69e-04  1121s
 145   1.05057919e+08  1.05054793e+08  3.30e-09 1.74e-08  3.94e-04  1137s
 146   1.05057680e+08  1.05054954e+08  2.94e-09 1.74e-08  3.42e-04  1155s
 147   1.05057366e+08  1.05055126e+08  2.48e-09 1.74e-08  2.80e-04  1172s
 148   1.05057219e+08  1.05055181e+08  2.26e-09 1.74e-08  2.54e-04  1190s
 149   1.05056906e+08  1.05055265e+08  1.79e-09 8.73e-09  2.05e-04  1205s
 150   1.05056785e+08  1.05055365e+08  1.61e-09 8.73e-09  1.76e-04  1222s
 151   1.05056665e+08  1.05055437e+08  3.67e-09 8.76e-09  1.52e-04  1236s
 152   1.05056544e+08  1.05055490e+08  3.53e-09 8.77e-09  1.29e-04  1254s
 153   1.05056253e+08  1.05055548e+08  4.82e-09 1.47e-07  8.71e-05  1270s
 154   1.05056139e+08  1.05055579e+08  9.32e-09 1.60e-07  6.94e-05  1287s
 155   1.05056043e+08  1.05055616e+08  7.25e-09 1.27e-07  5.29e-05  1304s
 156   1.05055961e+08  1.05055650e+08  5.24e-09 7.28e-09  3.84e-05  1321s
 157   1.05055885e+08  1.05055666e+08  4.03e-09 7.21e-09  2.70e-05  1339s
 158   1.05055832e+08  1.05055693e+08  5.16e-09 2.88e-07  1.69e-05  1357s
 159   1.05055779e+08  1.05055704e+08  3.03e-09 1.14e-07  9.24e-06  1375s
 160   1.05055770e+08  1.05055706e+08  1.15e-08 1.23e-07  7.86e-06  1389s
 161   1.05055765e+08  1.05055711e+08  1.04e-08 1.85e-07  6.55e-06  1401s
 162   1.05055754e+08  1.05055714e+08  7.88e-09 1.39e-07  4.90e-06  1411s
 163   1.05055748e+08  1.05055716e+08  7.82e-09 1.09e-06  3.91e-06  1420s
 164   1.05055737e+08  1.05055717e+08  9.28e-08 1.16e-06  2.53e-06  1428s
 165   1.05055727e+08  1.05055720e+08  3.65e-08 1.05e-06  1.01e-06  1438s
 166   1.05055723e+08  1.05055721e+08  1.94e-07 1.55e-06  2.61e-07  1446s
 167   1.05055722e+08  1.05055721e+08  9.04e-08 3.60e-06  6.15e-08  1453s
 168   1.05055722e+08  1.05055721e+08  6.42e-07 3.60e-06  6.15e-08  1457s

Barrier solved model in 168 iterations and 1457.32 seconds
Optimal objective 1.05055722e+08

Solved model. Total time spent in solver: 50 min 20.92 s.

Optimization termination condition was optimal.
Solver message: Model was solved to optimality (subject to tolerances), and an optimal solution is available.

Executing post solve functions...
Post solve processing completed in 16 min 3.27 s.
Graphing modules:
costs, energy_balance_duals, daily_demand, demand, generation_capacity_per_period, buildout_gen_per_period, gen_buildout_per_tech_period, dispatch, curtailment, dispatch_per_scenario, curtailment_compare_scenarios, total_dispatch, energy_balance, curtailment_per_period, state_of_charge, state_of_charge_per_duration, /home/machstg/miniconda3/lib/python3.8/site-packages/plotnine/geoms/geom_path.py:75: PlotnineWarning: geom_path: Removed 4368 rows containing missing values.
storage_dispatch_frequency, graph_buildout, transmission_capacity, transmission_limit_duals, emissions, emissions_duals, 
Took 1 min 12.05 s to generate all graphs.
Total time spent running SWITCH: 1 h 25 min 1.95 s.
